2022-09-07 12:50:17,352 : INFO : logger : file read as csv from ../data/train.csv
2022-09-07 12:50:17,352 : INFO : logger : file read as csv from ../data/train.csv
2022-09-07 12:50:17,361 : INFO : logger : file read as csv from ../data/store.csv
2022-09-07 12:50:17,361 : INFO : logger : file read as csv from ../data/store.csv
2022-09-07 12:50:17,408 : INFO : logger : file read as csv from ../data/test.csv
2022-09-07 12:50:17,408 : INFO : logger : file read as csv from ../data/test.csv
2022-09-07 12:53:04,457 : INFO : logger : File Successfully Saved to ../data/joined_train.csv
2022-09-07 12:53:04,457 : INFO : logger : File Successfully Saved to ../data/joined_train.csv
2022-09-07 12:53:27,521 : INFO : logger : File Successfully Saved to ../data/joined_test.csv
2022-09-07 12:53:27,521 : INFO : logger : File Successfully Saved to ../data/joined_test.csv
2022-09-07 13:09:02,674 : INFO : logger : file read as csv from ../data/train.csv
2022-09-07 13:09:02,674 : INFO : logger : file read as csv from ../data/train.csv
2022-09-07 13:09:02,683 : INFO : logger : file read as csv from ../data/store.csv
2022-09-07 13:09:02,683 : INFO : logger : file read as csv from ../data/store.csv
2022-09-07 13:09:02,727 : INFO : logger : file read as csv from ../data/test.csv
2022-09-07 13:09:02,727 : INFO : logger : file read as csv from ../data/test.csv
2022-09-07 13:09:15,140 : INFO : logger : File Successfully Saved to ../data/joined_train.csv
2022-09-07 13:09:15,140 : INFO : logger : File Successfully Saved to ../data/joined_train.csv
2022-09-07 13:09:15,840 : INFO : logger : File Successfully Saved to ../data/joined_test.csv
2022-09-07 13:09:15,840 : INFO : logger : File Successfully Saved to ../data/joined_test.csv
2022-09-07 13:15:21,147 : INFO : logger : file read as csv from ../data/train.csv
2022-09-07 13:15:21,147 : INFO : logger : file read as csv from ../data/train.csv
2022-09-07 13:15:21,155 : INFO : logger : file read as csv from ../data/store.csv
2022-09-07 13:15:21,155 : INFO : logger : file read as csv from ../data/store.csv
2022-09-07 13:15:21,201 : INFO : logger : file read as csv from ../data/test.csv
2022-09-07 13:15:21,201 : INFO : logger : file read as csv from ../data/test.csv
2022-09-07 13:15:33,660 : INFO : logger : File Successfully Saved to ../data/joined_train.csv
2022-09-07 13:15:33,660 : INFO : logger : File Successfully Saved to ../data/joined_train.csv
2022-09-07 13:15:34,178 : INFO : logger : File Successfully Saved to ../data/joined_test.csv
2022-09-07 13:15:34,178 : INFO : logger : File Successfully Saved to ../data/joined_test.csv
2022-09-07 13:22:05,819 : INFO : logger : file read as csv from ../data/train.csv
2022-09-07 13:22:05,819 : INFO : logger : file read as csv from ../data/train.csv
2022-09-07 13:22:05,828 : INFO : logger : file read as csv from ../data/store.csv
2022-09-07 13:22:05,828 : INFO : logger : file read as csv from ../data/store.csv
2022-09-07 13:22:05,877 : INFO : logger : file read as csv from ../data/test.csv
2022-09-07 13:22:05,877 : INFO : logger : file read as csv from ../data/test.csv
2022-09-07 13:22:17,991 : INFO : logger : File Successfully Saved to ../data/joined_train.csv
2022-09-07 13:22:17,991 : INFO : logger : File Successfully Saved to ../data/joined_train.csv
2022-09-07 13:22:18,536 : INFO : logger : File Successfully Saved to ../data/joined_test.csv
2022-09-07 13:22:18,536 : INFO : logger : File Successfully Saved to ../data/joined_test.csv
2022-09-07 13:24:37,866 : INFO : logger : file read as csv from ../data/train.csv
2022-09-07 13:24:37,866 : INFO : logger : file read as csv from ../data/train.csv
2022-09-07 13:24:37,873 : INFO : logger : file read as csv from ../data/store.csv
2022-09-07 13:24:37,873 : INFO : logger : file read as csv from ../data/store.csv
2022-09-07 13:24:37,939 : INFO : logger : file read as csv from ../data/test.csv
2022-09-07 13:24:37,939 : INFO : logger : file read as csv from ../data/test.csv
2022-09-07 13:24:51,720 : INFO : logger : File Successfully Saved to ../data/joined_train.csv
2022-09-07 13:24:51,720 : INFO : logger : File Successfully Saved to ../data/joined_train.csv
2022-09-07 13:24:52,591 : INFO : logger : File Successfully Saved to ../data/joined_test.csv
2022-09-07 13:24:52,591 : INFO : logger : File Successfully Saved to ../data/joined_test.csv
2022-09-07 13:42:34,003 : INFO : logger : file read as csv from ../data/train.csv
2022-09-07 13:42:34,003 : INFO : logger : file read as csv from ../data/train.csv
2022-09-07 13:42:34,013 : INFO : logger : file read as csv from ../data/store.csv
2022-09-07 13:42:34,013 : INFO : logger : file read as csv from ../data/store.csv
2022-09-07 13:42:34,059 : INFO : logger : file read as csv from ../data/test.csv
2022-09-07 13:42:34,059 : INFO : logger : file read as csv from ../data/test.csv
2022-09-07 13:46:06,203 : INFO : logger : file read as csv from ../data/train.csv
2022-09-07 13:46:06,203 : INFO : logger : file read as csv from ../data/train.csv
2022-09-07 13:46:06,203 : INFO : logger : file read as csv from ../data/train.csv
2022-09-07 13:46:06,213 : INFO : logger : file read as csv from ../data/store.csv
2022-09-07 13:46:06,213 : INFO : logger : file read as csv from ../data/store.csv
2022-09-07 13:46:06,213 : INFO : logger : file read as csv from ../data/store.csv
2022-09-07 13:46:06,255 : INFO : logger : file read as csv from ../data/test.csv
2022-09-07 13:46:06,255 : INFO : logger : file read as csv from ../data/test.csv
2022-09-07 13:46:06,255 : INFO : logger : file read as csv from ../data/test.csv
2022-09-07 13:46:21,266 : INFO : logger : File Successfully Saved to ../data/joined_train.csv
2022-09-07 13:46:21,266 : INFO : logger : File Successfully Saved to ../data/joined_train.csv
2022-09-07 13:46:21,266 : INFO : logger : File Successfully Saved to ../data/joined_train.csv
2022-09-07 13:46:21,835 : INFO : logger : File Successfully Saved to ../data/joined_test.csv
2022-09-07 13:46:21,835 : INFO : logger : File Successfully Saved to ../data/joined_test.csv
2022-09-07 13:46:21,835 : INFO : logger : File Successfully Saved to ../data/joined_test.csv
2022-09-07 13:46:55,518 : INFO : logger : file read as csv from ../data/train.csv
2022-09-07 13:46:55,518 : INFO : logger : file read as csv from ../data/train.csv
2022-09-07 13:46:55,518 : INFO : logger : file read as csv from ../data/train.csv
2022-09-07 13:46:55,518 : INFO : logger : file read as csv from ../data/train.csv
2022-09-07 13:46:55,524 : INFO : logger : file read as csv from ../data/store.csv
2022-09-07 13:46:55,524 : INFO : logger : file read as csv from ../data/store.csv
2022-09-07 13:46:55,524 : INFO : logger : file read as csv from ../data/store.csv
2022-09-07 13:46:55,524 : INFO : logger : file read as csv from ../data/store.csv
2022-09-07 13:46:55,565 : INFO : logger : file read as csv from ../data/test.csv
2022-09-07 13:46:55,565 : INFO : logger : file read as csv from ../data/test.csv
2022-09-07 13:46:55,565 : INFO : logger : file read as csv from ../data/test.csv
2022-09-07 13:46:55,565 : INFO : logger : file read as csv from ../data/test.csv
2022-09-07 13:47:09,355 : INFO : logger : File Successfully Saved to ../data/joined_train.csv
2022-09-07 13:47:09,355 : INFO : logger : File Successfully Saved to ../data/joined_train.csv
2022-09-07 13:47:09,355 : INFO : logger : File Successfully Saved to ../data/joined_train.csv
2022-09-07 13:47:09,355 : INFO : logger : File Successfully Saved to ../data/joined_train.csv
2022-09-07 13:47:09,894 : INFO : logger : File Successfully Saved to ../data/joined_test.csv
2022-09-07 13:47:09,894 : INFO : logger : File Successfully Saved to ../data/joined_test.csv
2022-09-07 13:47:09,894 : INFO : logger : File Successfully Saved to ../data/joined_test.csv
2022-09-07 13:47:09,894 : INFO : logger : File Successfully Saved to ../data/joined_test.csv
2022-09-07 14:50:10,315 : INFO : logger : file read as csv from ../data/train.csv
2022-09-07 14:50:10,315 : INFO : logger : file read as csv from ../data/train.csv
2022-09-07 14:50:10,324 : INFO : logger : file read as csv from ../data/store.csv
2022-09-07 14:50:10,324 : INFO : logger : file read as csv from ../data/store.csv
2022-09-07 14:50:10,378 : INFO : logger : file read as csv from ../data/test.csv
2022-09-07 14:50:10,378 : INFO : logger : file read as csv from ../data/test.csv
2022-09-07 14:50:15,969 : INFO : logger : Getting Missing Data Percentage
2022-09-07 14:50:15,969 : INFO : logger : Getting Missing Data Percentage
2022-09-07 14:50:32,086 : INFO : logger : File Successfully Saved to ../data/joined_train.csv
2022-09-07 14:50:32,086 : INFO : logger : File Successfully Saved to ../data/joined_train.csv
2022-09-07 14:50:32,732 : INFO : logger : File Successfully Saved to ../data/joined_test.csv
2022-09-07 14:50:32,732 : INFO : logger : File Successfully Saved to ../data/joined_test.csv
2022-09-07 15:05:25,308 : INFO : logger : Getting Missing Data Percentage
2022-09-07 15:05:25,308 : INFO : logger : Getting Missing Data Percentage
2022-09-07 15:05:44,391 : INFO : logger : Getting Missing Data Percentage
2022-09-07 15:05:44,391 : INFO : logger : Getting Missing Data Percentage
2022-09-07 15:08:35,228 : INFO : logger : Getting Missing Data Percentage
2022-09-07 15:08:35,228 : INFO : logger : Getting Missing Data Percentage
2022-09-07 17:41:39,264 : INFO : logger : file read as csv from ../data/train.csv
2022-09-07 17:41:39,264 : INFO : logger : file read as csv from ../data/train.csv
2022-09-07 17:41:39,367 : INFO : logger : file read as csv from ../data/store.csv
2022-09-07 17:41:39,367 : INFO : logger : file read as csv from ../data/store.csv
2022-09-07 17:41:39,871 : INFO : logger : file read as csv from ../data/test.csv
2022-09-07 17:41:39,871 : INFO : logger : file read as csv from ../data/test.csv
2022-09-07 17:41:48,316 : INFO : logger : Getting Missing Data Percentage
2022-09-07 17:41:48,316 : INFO : logger : Getting Missing Data Percentage
2022-09-07 17:41:50,499 : INFO : logger : Getting Missing Data Percentage
2022-09-07 17:41:50,499 : INFO : logger : Getting Missing Data Percentage
2022-09-07 17:41:52,507 : INFO : logger : Filling Missing Data with Median
2022-09-07 17:41:52,507 : INFO : logger : Filling Missing Data with Median
2022-09-07 17:41:52,666 : INFO : logger : Filling Missing Data with Median
2022-09-07 17:41:52,666 : INFO : logger : Filling Missing Data with Median
2022-09-07 17:41:52,752 : INFO : logger : Filling Missing Data with Mode
2022-09-07 17:41:52,752 : INFO : logger : Filling Missing Data with Mode
2022-09-07 17:41:52,753 : ERROR : logger : Failed to Fill Missing Data with Mode
Traceback (most recent call last):
  File "/home/yohans/anaconda3/envs/sales_prediction/lib/python3.9/site-packages/pandas/core/indexes/base.py", line 3621, in get_loc
    return self._engine.get_loc(casted_key)
  File "pandas/_libs/index.pyx", line 136, in pandas._libs.index.IndexEngine.get_loc
  File "pandas/_libs/index.pyx", line 163, in pandas._libs.index.IndexEngine.get_loc
  File "pandas/_libs/hashtable_class_helper.pxi", line 5198, in pandas._libs.hashtable.PyObjectHashTable.get_item
  File "pandas/_libs/hashtable_class_helper.pxi", line 5206, in pandas._libs.hashtable.PyObjectHashTable.get_item
KeyError: 'PromoInterval'

The above exception was the direct cause of the following exception:

Traceback (most recent call last):
  File "/home/yohans/Batch6_10Academy_Training/Week3/pharmaceutical_sales_prediction/scripts/preprocessing.py", line 194, in fill_missing_mode
    df[col] = df[col].fillna(df[col].mode()[0])
  File "/home/yohans/anaconda3/envs/sales_prediction/lib/python3.9/site-packages/pandas/core/frame.py", line 3505, in __getitem__
    indexer = self.columns.get_loc(key)
  File "/home/yohans/anaconda3/envs/sales_prediction/lib/python3.9/site-packages/pandas/core/indexes/base.py", line 3623, in get_loc
    raise KeyError(key) from err
KeyError: 'PromoInterval'
2022-09-07 17:41:52,753 : ERROR : logger : Failed to Fill Missing Data with Mode
Traceback (most recent call last):
  File "/home/yohans/anaconda3/envs/sales_prediction/lib/python3.9/site-packages/pandas/core/indexes/base.py", line 3621, in get_loc
    return self._engine.get_loc(casted_key)
  File "pandas/_libs/index.pyx", line 136, in pandas._libs.index.IndexEngine.get_loc
  File "pandas/_libs/index.pyx", line 163, in pandas._libs.index.IndexEngine.get_loc
  File "pandas/_libs/hashtable_class_helper.pxi", line 5198, in pandas._libs.hashtable.PyObjectHashTable.get_item
  File "pandas/_libs/hashtable_class_helper.pxi", line 5206, in pandas._libs.hashtable.PyObjectHashTable.get_item
KeyError: 'PromoInterval'

The above exception was the direct cause of the following exception:

Traceback (most recent call last):
  File "/home/yohans/Batch6_10Academy_Training/Week3/pharmaceutical_sales_prediction/scripts/preprocessing.py", line 194, in fill_missing_mode
    df[col] = df[col].fillna(df[col].mode()[0])
  File "/home/yohans/anaconda3/envs/sales_prediction/lib/python3.9/site-packages/pandas/core/frame.py", line 3505, in __getitem__
    indexer = self.columns.get_loc(key)
  File "/home/yohans/anaconda3/envs/sales_prediction/lib/python3.9/site-packages/pandas/core/indexes/base.py", line 3623, in get_loc
    raise KeyError(key) from err
KeyError: 'PromoInterval'
2022-09-07 17:45:30,762 : INFO : logger : Filling Missing Data with Mode
2022-09-07 17:45:30,762 : INFO : logger : Filling Missing Data with Mode
2022-09-07 17:45:31,004 : INFO : logger : Filling Missing Data with Mode
2022-09-07 17:45:31,004 : INFO : logger : Filling Missing Data with Mode
2022-09-07 17:45:41,134 : INFO : logger : Getting Missing Data Percentage
2022-09-07 17:45:41,134 : INFO : logger : Getting Missing Data Percentage
2022-09-07 17:45:43,367 : INFO : logger : Getting Missing Data Percentage
2022-09-07 17:45:43,367 : INFO : logger : Getting Missing Data Percentage
2022-09-07 17:47:26,073 : INFO : logger : file read as csv from ../data/train.csv
2022-09-07 17:47:26,073 : INFO : logger : file read as csv from ../data/train.csv
2022-09-07 17:47:26,073 : INFO : logger : file read as csv from ../data/train.csv
2022-09-07 17:47:26,184 : INFO : logger : file read as csv from ../data/store.csv
2022-09-07 17:47:26,184 : INFO : logger : file read as csv from ../data/store.csv
2022-09-07 17:47:26,184 : INFO : logger : file read as csv from ../data/store.csv
2022-09-07 17:47:26,353 : INFO : logger : file read as csv from ../data/test.csv
2022-09-07 17:47:26,353 : INFO : logger : file read as csv from ../data/test.csv
2022-09-07 17:47:26,353 : INFO : logger : file read as csv from ../data/test.csv
2022-09-07 17:47:31,999 : INFO : logger : Getting Missing Data Percentage
2022-09-07 17:47:31,999 : INFO : logger : Getting Missing Data Percentage
2022-09-07 17:47:31,999 : INFO : logger : Getting Missing Data Percentage
2022-09-07 17:47:34,055 : INFO : logger : Getting Missing Data Percentage
2022-09-07 17:47:34,055 : INFO : logger : Getting Missing Data Percentage
2022-09-07 17:47:34,055 : INFO : logger : Getting Missing Data Percentage
2022-09-07 17:47:35,629 : INFO : logger : Filling Missing Data with Median
2022-09-07 17:47:35,629 : INFO : logger : Filling Missing Data with Median
2022-09-07 17:47:35,629 : INFO : logger : Filling Missing Data with Median
2022-09-07 17:47:35,792 : INFO : logger : Filling Missing Data with Median
2022-09-07 17:47:35,792 : INFO : logger : Filling Missing Data with Median
2022-09-07 17:47:35,792 : INFO : logger : Filling Missing Data with Median
2022-09-07 17:47:35,878 : INFO : logger : Filling Missing Data with Mode
2022-09-07 17:47:35,878 : INFO : logger : Filling Missing Data with Mode
2022-09-07 17:47:35,878 : INFO : logger : Filling Missing Data with Mode
2022-09-07 17:47:36,109 : INFO : logger : Filling Missing Data with Mode
2022-09-07 17:47:36,109 : INFO : logger : Filling Missing Data with Mode
2022-09-07 17:47:36,109 : INFO : logger : Filling Missing Data with Mode
2022-09-07 17:47:36,234 : INFO : logger : Filling Missing Data with Zero
2022-09-07 17:47:36,234 : INFO : logger : Filling Missing Data with Zero
2022-09-07 17:47:36,234 : INFO : logger : Filling Missing Data with Zero
2022-09-07 17:47:36,549 : INFO : logger : Getting Missing Data Percentage
2022-09-07 17:47:36,549 : INFO : logger : Getting Missing Data Percentage
2022-09-07 17:47:36,549 : INFO : logger : Getting Missing Data Percentage
2022-09-07 17:47:38,706 : INFO : logger : Getting Missing Data Percentage
2022-09-07 17:47:38,706 : INFO : logger : Getting Missing Data Percentage
2022-09-07 17:47:38,706 : INFO : logger : Getting Missing Data Percentage
2022-09-07 17:47:49,565 : INFO : logger : File Successfully Saved to ../data/joined_train.csv
2022-09-07 17:47:49,565 : INFO : logger : File Successfully Saved to ../data/joined_train.csv
2022-09-07 17:47:49,565 : INFO : logger : File Successfully Saved to ../data/joined_train.csv
2022-09-07 17:47:50,234 : INFO : logger : File Successfully Saved to ../data/joined_test.csv
2022-09-07 17:47:50,234 : INFO : logger : File Successfully Saved to ../data/joined_test.csv
2022-09-07 17:47:50,234 : INFO : logger : File Successfully Saved to ../data/joined_test.csv
2022-09-07 18:48:45,511 : INFO : logger : file read as csv from ../data/train.csv
2022-09-07 18:48:45,511 : INFO : logger : file read as csv from ../data/train.csv
2022-09-07 18:48:45,772 : INFO : logger : file read as csv from ../data/store.csv
2022-09-07 18:48:45,772 : INFO : logger : file read as csv from ../data/store.csv
2022-09-07 18:48:46,026 : INFO : logger : file read as csv from ../data/test.csv
2022-09-07 18:48:46,026 : INFO : logger : file read as csv from ../data/test.csv
2022-09-07 18:48:53,146 : INFO : logger : Getting Missing Data Percentage
2022-09-07 18:48:53,146 : INFO : logger : Getting Missing Data Percentage
2022-09-07 18:48:55,878 : INFO : logger : Getting Missing Data Percentage
2022-09-07 18:48:55,878 : INFO : logger : Getting Missing Data Percentage
2022-09-07 18:48:57,300 : INFO : logger : Filling Missing Data with Median
2022-09-07 18:48:57,300 : INFO : logger : Filling Missing Data with Median
2022-09-07 18:48:57,463 : INFO : logger : Filling Missing Data with Median
2022-09-07 18:48:57,463 : INFO : logger : Filling Missing Data with Median
2022-09-07 18:48:57,798 : INFO : logger : Filling Missing Data with Mode
2022-09-07 18:48:57,798 : INFO : logger : Filling Missing Data with Mode
2022-09-07 18:48:58,060 : INFO : logger : Filling Missing Data with Mode
2022-09-07 18:48:58,060 : INFO : logger : Filling Missing Data with Mode
2022-09-07 18:48:58,172 : INFO : logger : Filling Missing Data with Zero
2022-09-07 18:48:58,172 : INFO : logger : Filling Missing Data with Zero
2022-09-07 18:48:58,352 : INFO : logger : Getting Missing Data Percentage
2022-09-07 18:48:58,352 : INFO : logger : Getting Missing Data Percentage
2022-09-07 18:49:00,816 : INFO : logger : Getting Missing Data Percentage
2022-09-07 18:49:00,816 : INFO : logger : Getting Missing Data Percentage
2022-09-07 19:00:23,793 : INFO : logger : file read as csv from ../data/train.csv
2022-09-07 19:00:23,793 : INFO : logger : file read as csv from ../data/train.csv
2022-09-07 19:00:23,806 : INFO : logger : file read as csv from ../data/store.csv
2022-09-07 19:00:23,806 : INFO : logger : file read as csv from ../data/store.csv
2022-09-07 19:00:23,869 : INFO : logger : file read as csv from ../data/test.csv
2022-09-07 19:00:23,869 : INFO : logger : file read as csv from ../data/test.csv
2022-09-07 19:00:30,179 : INFO : logger : Getting Missing Data Percentage
2022-09-07 19:00:30,179 : INFO : logger : Getting Missing Data Percentage
2022-09-07 19:00:32,844 : INFO : logger : Getting Missing Data Percentage
2022-09-07 19:00:32,844 : INFO : logger : Getting Missing Data Percentage
2022-09-07 19:00:34,681 : INFO : logger : Filling Missing Data with Median
2022-09-07 19:00:34,681 : INFO : logger : Filling Missing Data with Median
2022-09-07 19:00:34,852 : INFO : logger : Filling Missing Data with Median
2022-09-07 19:00:34,852 : INFO : logger : Filling Missing Data with Median
2022-09-07 19:00:34,914 : INFO : logger : Filling Missing Data with Mode
2022-09-07 19:00:34,914 : INFO : logger : Filling Missing Data with Mode
2022-09-07 19:00:35,144 : INFO : logger : Filling Missing Data with Mode
2022-09-07 19:00:35,144 : INFO : logger : Filling Missing Data with Mode
2022-09-07 19:00:35,211 : INFO : logger : Filling Missing Data with Zero
2022-09-07 19:00:35,211 : INFO : logger : Filling Missing Data with Zero
2022-09-07 19:00:35,337 : INFO : logger : Getting Missing Data Percentage
2022-09-07 19:00:35,337 : INFO : logger : Getting Missing Data Percentage
2022-09-07 19:00:37,546 : INFO : logger : Getting Missing Data Percentage
2022-09-07 19:00:37,546 : INFO : logger : Getting Missing Data Percentage
2022-09-07 19:03:43,774 : INFO : logger : file read as csv from ../data/train.csv
2022-09-07 19:03:43,774 : INFO : logger : file read as csv from ../data/train.csv
2022-09-07 19:03:43,784 : INFO : logger : file read as csv from ../data/store.csv
2022-09-07 19:03:43,784 : INFO : logger : file read as csv from ../data/store.csv
2022-09-07 19:03:43,973 : INFO : logger : file read as csv from ../data/test.csv
2022-09-07 19:03:43,973 : INFO : logger : file read as csv from ../data/test.csv
2022-09-07 19:03:50,336 : INFO : logger : Getting Missing Data Percentage
2022-09-07 19:03:50,336 : INFO : logger : Getting Missing Data Percentage
2022-09-07 19:03:52,934 : INFO : logger : Getting Missing Data Percentage
2022-09-07 19:03:52,934 : INFO : logger : Getting Missing Data Percentage
2022-09-07 19:03:54,368 : INFO : logger : Filling Missing Data with Median
2022-09-07 19:03:54,368 : INFO : logger : Filling Missing Data with Median
2022-09-07 19:03:54,570 : INFO : logger : Filling Missing Data with Median
2022-09-07 19:03:54,570 : INFO : logger : Filling Missing Data with Median
2022-09-07 19:03:55,660 : INFO : logger : Filling Missing Data with Mode
2022-09-07 19:03:55,660 : INFO : logger : Filling Missing Data with Mode
2022-09-07 19:03:55,951 : INFO : logger : Filling Missing Data with Mode
2022-09-07 19:03:55,951 : INFO : logger : Filling Missing Data with Mode
2022-09-07 19:03:56,014 : INFO : logger : Filling Missing Data with Zero
2022-09-07 19:03:56,014 : INFO : logger : Filling Missing Data with Zero
2022-09-07 19:03:56,119 : INFO : logger : Getting Missing Data Percentage
2022-09-07 19:03:56,119 : INFO : logger : Getting Missing Data Percentage
2022-09-07 19:03:58,498 : INFO : logger : Getting Missing Data Percentage
2022-09-07 19:03:58,498 : INFO : logger : Getting Missing Data Percentage
2022-09-07 19:04:11,663 : INFO : logger : File Successfully Saved to ../data/joined_train.csv
2022-09-07 19:04:11,663 : INFO : logger : File Successfully Saved to ../data/joined_train.csv
2022-09-07 19:04:12,347 : INFO : logger : File Successfully Saved to ../data/joined_test.csv
2022-09-07 19:04:12,347 : INFO : logger : File Successfully Saved to ../data/joined_test.csv
2022-09-07 19:17:22,561 : INFO : logger : Converting column to Datetime
2022-09-07 19:17:22,561 : INFO : logger : Converting column to Datetime
2022-09-07 19:17:22,908 : ERROR : logger : Failed to convert column to Datetime
Traceback (most recent call last):
  File "/home/yohans/Batch6_10Academy_Training/Week3/pharmaceutical_sales_prediction/scripts/preprocessing.py", line 122, in convert_to_datetime
    df[column] = pd.to_datetime(df[column])
  File "/home/yohans/anaconda3/envs/sales_prediction/lib/python3.9/site-packages/pandas/core/tools/datetimes.py", line 1054, in to_datetime
    result = _assemble_from_unit_mappings(arg, errors, tz)
  File "/home/yohans/anaconda3/envs/sales_prediction/lib/python3.9/site-packages/pandas/core/tools/datetimes.py", line 1160, in _assemble_from_unit_mappings
    raise ValueError(
ValueError: to assemble mappings requires at least that [year, month, day] be specified: [day,month,year] is missing
2022-09-07 19:17:22,908 : ERROR : logger : Failed to convert column to Datetime
Traceback (most recent call last):
  File "/home/yohans/Batch6_10Academy_Training/Week3/pharmaceutical_sales_prediction/scripts/preprocessing.py", line 122, in convert_to_datetime
    df[column] = pd.to_datetime(df[column])
  File "/home/yohans/anaconda3/envs/sales_prediction/lib/python3.9/site-packages/pandas/core/tools/datetimes.py", line 1054, in to_datetime
    result = _assemble_from_unit_mappings(arg, errors, tz)
  File "/home/yohans/anaconda3/envs/sales_prediction/lib/python3.9/site-packages/pandas/core/tools/datetimes.py", line 1160, in _assemble_from_unit_mappings
    raise ValueError(
ValueError: to assemble mappings requires at least that [year, month, day] be specified: [day,month,year] is missing
2022-09-07 19:18:46,510 : INFO : logger : Converting column to Datetime
2022-09-07 19:18:46,510 : INFO : logger : Converting column to Datetime
2022-09-07 19:18:46,545 : ERROR : logger : Failed to convert column to Datetime
Traceback (most recent call last):
  File "/home/yohans/Batch6_10Academy_Training/Week3/pharmaceutical_sales_prediction/scripts/preprocessing.py", line 122, in convert_to_datetime
    df[column] = pd.to_datetime(df[column])
  File "/home/yohans/anaconda3/envs/sales_prediction/lib/python3.9/site-packages/pandas/core/tools/datetimes.py", line 1054, in to_datetime
    result = _assemble_from_unit_mappings(arg, errors, tz)
  File "/home/yohans/anaconda3/envs/sales_prediction/lib/python3.9/site-packages/pandas/core/tools/datetimes.py", line 1160, in _assemble_from_unit_mappings
    raise ValueError(
ValueError: to assemble mappings requires at least that [year, month, day] be specified: [day,month,year] is missing
2022-09-07 19:18:46,545 : ERROR : logger : Failed to convert column to Datetime
Traceback (most recent call last):
  File "/home/yohans/Batch6_10Academy_Training/Week3/pharmaceutical_sales_prediction/scripts/preprocessing.py", line 122, in convert_to_datetime
    df[column] = pd.to_datetime(df[column])
  File "/home/yohans/anaconda3/envs/sales_prediction/lib/python3.9/site-packages/pandas/core/tools/datetimes.py", line 1054, in to_datetime
    result = _assemble_from_unit_mappings(arg, errors, tz)
  File "/home/yohans/anaconda3/envs/sales_prediction/lib/python3.9/site-packages/pandas/core/tools/datetimes.py", line 1160, in _assemble_from_unit_mappings
    raise ValueError(
ValueError: to assemble mappings requires at least that [year, month, day] be specified: [day,month,year] is missing
2022-09-07 19:29:26,362 : INFO : logger : file read as csv from ../data/train.csv
2022-09-07 19:29:26,362 : INFO : logger : file read as csv from ../data/train.csv
2022-09-07 19:29:26,362 : INFO : logger : file read as csv from ../data/train.csv
2022-09-07 19:29:26,403 : INFO : logger : file read as csv from ../data/store.csv
2022-09-07 19:29:26,403 : INFO : logger : file read as csv from ../data/store.csv
2022-09-07 19:29:26,403 : INFO : logger : file read as csv from ../data/store.csv
2022-09-07 19:29:26,462 : INFO : logger : file read as csv from ../data/test.csv
2022-09-07 19:29:26,462 : INFO : logger : file read as csv from ../data/test.csv
2022-09-07 19:29:26,462 : INFO : logger : file read as csv from ../data/test.csv
2022-09-07 19:29:29,260 : INFO : logger : Converting column to Datetime
2022-09-07 19:29:29,260 : INFO : logger : Converting column to Datetime
2022-09-07 19:29:29,260 : INFO : logger : Converting column to Datetime
2022-09-07 19:29:29,446 : INFO : logger : Converting column to Datetime
2022-09-07 19:29:29,446 : INFO : logger : Converting column to Datetime
2022-09-07 19:29:29,446 : INFO : logger : Converting column to Datetime
2022-09-07 19:29:29,522 : INFO : logger : Extracting Fields from Date Column
2022-09-07 19:29:29,522 : INFO : logger : Extracting Fields from Date Column
2022-09-07 19:29:29,522 : INFO : logger : Extracting Fields from Date Column
2022-09-07 19:29:31,372 : ERROR : logger : Failed to Extract Fields from Date Column
Traceback (most recent call last):
  File "/home/yohans/Batch6_10Academy_Training/Week3/pharmaceutical_sales_prediction/scripts/preprocessing.py", line 147, in extract_fields_date
    sys.exit(1)
AttributeError: 'Preprocessing' object has no attribute 'is_weekend'
2022-09-07 19:29:31,372 : ERROR : logger : Failed to Extract Fields from Date Column
Traceback (most recent call last):
  File "/home/yohans/Batch6_10Academy_Training/Week3/pharmaceutical_sales_prediction/scripts/preprocessing.py", line 147, in extract_fields_date
    sys.exit(1)
AttributeError: 'Preprocessing' object has no attribute 'is_weekend'
2022-09-07 19:29:31,372 : ERROR : logger : Failed to Extract Fields from Date Column
Traceback (most recent call last):
  File "/home/yohans/Batch6_10Academy_Training/Week3/pharmaceutical_sales_prediction/scripts/preprocessing.py", line 147, in extract_fields_date
    sys.exit(1)
AttributeError: 'Preprocessing' object has no attribute 'is_weekend'
2022-09-07 19:33:35,025 : INFO : logger : file read as csv from ../data/train.csv
2022-09-07 19:33:35,025 : INFO : logger : file read as csv from ../data/train.csv
2022-09-07 19:33:35,033 : INFO : logger : file read as csv from ../data/store.csv
2022-09-07 19:33:35,033 : INFO : logger : file read as csv from ../data/store.csv
2022-09-07 19:33:35,078 : INFO : logger : file read as csv from ../data/test.csv
2022-09-07 19:33:35,078 : INFO : logger : file read as csv from ../data/test.csv
2022-09-07 19:33:38,276 : INFO : logger : Converting column to Datetime
2022-09-07 19:33:38,276 : INFO : logger : Converting column to Datetime
2022-09-07 19:33:38,504 : INFO : logger : Converting column to Datetime
2022-09-07 19:33:38,504 : INFO : logger : Converting column to Datetime
2022-09-07 19:33:38,538 : INFO : logger : Extracting Fields from Date Column
2022-09-07 19:33:38,538 : INFO : logger : Extracting Fields from Date Column
2022-09-07 19:33:45,468 : INFO : logger : Extracting Fields from Date Column
2022-09-07 19:33:45,468 : INFO : logger : Extracting Fields from Date Column
2022-09-07 19:33:49,608 : INFO : logger : Getting Missing Data Percentage
2022-09-07 19:33:49,608 : INFO : logger : Getting Missing Data Percentage
2022-09-07 19:33:52,124 : INFO : logger : Getting Missing Data Percentage
2022-09-07 19:33:52,124 : INFO : logger : Getting Missing Data Percentage
2022-09-07 19:33:52,880 : INFO : logger : Filling Missing Data with Median
2022-09-07 19:33:52,880 : INFO : logger : Filling Missing Data with Median
2022-09-07 19:33:53,038 : INFO : logger : Filling Missing Data with Median
2022-09-07 19:33:53,038 : INFO : logger : Filling Missing Data with Median
2022-09-07 19:33:53,083 : INFO : logger : Filling Missing Data with Mode
2022-09-07 19:33:53,083 : INFO : logger : Filling Missing Data with Mode
2022-09-07 19:33:53,285 : INFO : logger : Filling Missing Data with Mode
2022-09-07 19:33:53,285 : INFO : logger : Filling Missing Data with Mode
2022-09-07 19:33:53,428 : INFO : logger : Filling Missing Data with Zero
2022-09-07 19:33:53,428 : INFO : logger : Filling Missing Data with Zero
2022-09-07 19:33:53,626 : INFO : logger : Getting Missing Data Percentage
2022-09-07 19:33:53,626 : INFO : logger : Getting Missing Data Percentage
2022-09-07 19:33:55,701 : INFO : logger : Getting Missing Data Percentage
2022-09-07 19:33:55,701 : INFO : logger : Getting Missing Data Percentage
2022-09-07 19:34:00,556 : INFO : logger : Converting column to Datetime
2022-09-07 19:34:00,556 : INFO : logger : Converting column to Datetime
2022-09-07 19:34:00,643 : ERROR : logger : Failed to convert column to Datetime
Traceback (most recent call last):
  File "/home/yohans/Batch6_10Academy_Training/Week3/pharmaceutical_sales_prediction/scripts/preprocessing.py", line 119, in convert_to_datetime
    df[column] = pd.to_datetime(df[column])
  File "/home/yohans/anaconda3/envs/sales_prediction/lib/python3.9/site-packages/pandas/core/tools/datetimes.py", line 1054, in to_datetime
    result = _assemble_from_unit_mappings(arg, errors, tz)
  File "/home/yohans/anaconda3/envs/sales_prediction/lib/python3.9/site-packages/pandas/core/tools/datetimes.py", line 1160, in _assemble_from_unit_mappings
    raise ValueError(
ValueError: to assemble mappings requires at least that [year, month, day] be specified: [day,month,year] is missing
2022-09-07 19:34:00,643 : ERROR : logger : Failed to convert column to Datetime
Traceback (most recent call last):
  File "/home/yohans/Batch6_10Academy_Training/Week3/pharmaceutical_sales_prediction/scripts/preprocessing.py", line 119, in convert_to_datetime
    df[column] = pd.to_datetime(df[column])
  File "/home/yohans/anaconda3/envs/sales_prediction/lib/python3.9/site-packages/pandas/core/tools/datetimes.py", line 1054, in to_datetime
    result = _assemble_from_unit_mappings(arg, errors, tz)
  File "/home/yohans/anaconda3/envs/sales_prediction/lib/python3.9/site-packages/pandas/core/tools/datetimes.py", line 1160, in _assemble_from_unit_mappings
    raise ValueError(
ValueError: to assemble mappings requires at least that [year, month, day] be specified: [day,month,year] is missing
2022-09-07 19:43:14,298 : INFO : logger : file read as csv from ../data/train.csv
2022-09-07 19:43:14,298 : INFO : logger : file read as csv from ../data/train.csv
2022-09-07 19:43:14,304 : INFO : logger : file read as csv from ../data/store.csv
2022-09-07 19:43:14,304 : INFO : logger : file read as csv from ../data/store.csv
2022-09-07 19:43:14,351 : INFO : logger : file read as csv from ../data/test.csv
2022-09-07 19:43:14,351 : INFO : logger : file read as csv from ../data/test.csv
2022-09-07 19:43:16,962 : INFO : logger : Converting column to Datetime
2022-09-07 19:43:16,962 : INFO : logger : Converting column to Datetime
2022-09-07 19:43:17,126 : INFO : logger : Converting column to Datetime
2022-09-07 19:43:17,126 : INFO : logger : Converting column to Datetime
2022-09-07 19:43:17,178 : INFO : logger : Extracting Fields from Date Column
2022-09-07 19:43:17,178 : INFO : logger : Extracting Fields from Date Column
2022-09-07 19:43:23,218 : INFO : logger : Extracting Fields from Date Column
2022-09-07 19:43:23,218 : INFO : logger : Extracting Fields from Date Column
2022-09-07 19:43:27,135 : INFO : logger : Getting Missing Data Percentage
2022-09-07 19:43:27,135 : INFO : logger : Getting Missing Data Percentage
2022-09-07 19:43:29,440 : INFO : logger : Getting Missing Data Percentage
2022-09-07 19:43:29,440 : INFO : logger : Getting Missing Data Percentage
2022-09-07 19:43:30,283 : INFO : logger : Filling Missing Data with Median
2022-09-07 19:43:30,283 : INFO : logger : Filling Missing Data with Median
2022-09-07 19:43:30,456 : INFO : logger : Filling Missing Data with Median
2022-09-07 19:43:30,456 : INFO : logger : Filling Missing Data with Median
2022-09-07 19:43:30,524 : INFO : logger : Filling Missing Data with Mode
2022-09-07 19:43:30,524 : INFO : logger : Filling Missing Data with Mode
2022-09-07 19:43:30,733 : INFO : logger : Filling Missing Data with Mode
2022-09-07 19:43:30,733 : INFO : logger : Filling Missing Data with Mode
2022-09-07 19:43:30,784 : INFO : logger : Filling Missing Data with Zero
2022-09-07 19:43:30,784 : INFO : logger : Filling Missing Data with Zero
2022-09-07 19:43:30,960 : INFO : logger : Getting Missing Data Percentage
2022-09-07 19:43:30,960 : INFO : logger : Getting Missing Data Percentage
2022-09-07 19:43:33,193 : INFO : logger : Getting Missing Data Percentage
2022-09-07 19:43:33,193 : INFO : logger : Getting Missing Data Percentage
2022-09-07 19:44:08,134 : INFO : logger : File Successfully Saved to ../data/joined_train.csv
2022-09-07 19:44:08,134 : INFO : logger : File Successfully Saved to ../data/joined_train.csv
2022-09-07 19:44:09,522 : INFO : logger : File Successfully Saved to ../data/joined_test.csv
2022-09-07 19:44:09,522 : INFO : logger : File Successfully Saved to ../data/joined_test.csv
2022-09-07 19:56:43,601 : INFO : logger : file read as csv from ../data/train.csv
2022-09-07 19:56:43,601 : INFO : logger : file read as csv from ../data/train.csv
2022-09-07 19:56:43,601 : INFO : logger : file read as csv from ../data/train.csv
2022-09-07 19:56:43,954 : INFO : logger : file read as csv from ../data/store.csv
2022-09-07 19:56:43,954 : INFO : logger : file read as csv from ../data/store.csv
2022-09-07 19:56:43,954 : INFO : logger : file read as csv from ../data/store.csv
2022-09-07 19:56:44,319 : INFO : logger : file read as csv from ../data/test.csv
2022-09-07 19:56:44,319 : INFO : logger : file read as csv from ../data/test.csv
2022-09-07 19:56:44,319 : INFO : logger : file read as csv from ../data/test.csv
2022-09-07 19:56:47,501 : INFO : logger : Converting column to Datetime
2022-09-07 19:56:47,501 : INFO : logger : Converting column to Datetime
2022-09-07 19:56:47,501 : INFO : logger : Converting column to Datetime
2022-09-07 19:56:47,687 : INFO : logger : Converting column to Datetime
2022-09-07 19:56:47,687 : INFO : logger : Converting column to Datetime
2022-09-07 19:56:47,687 : INFO : logger : Converting column to Datetime
2022-09-07 19:56:47,763 : INFO : logger : Extracting Fields from Date Column
2022-09-07 19:56:47,763 : INFO : logger : Extracting Fields from Date Column
2022-09-07 19:56:47,763 : INFO : logger : Extracting Fields from Date Column
2022-09-07 19:56:54,103 : INFO : logger : Extracting Fields from Date Column
2022-09-07 19:56:54,103 : INFO : logger : Extracting Fields from Date Column
2022-09-07 19:56:54,103 : INFO : logger : Extracting Fields from Date Column
2022-09-07 19:57:32,936 : INFO : logger : file read as csv from ../data/train.csv
2022-09-07 19:57:32,936 : INFO : logger : file read as csv from ../data/train.csv
2022-09-07 19:57:32,936 : INFO : logger : file read as csv from ../data/train.csv
2022-09-07 19:57:32,936 : INFO : logger : file read as csv from ../data/train.csv
2022-09-07 19:57:33,080 : INFO : logger : file read as csv from ../data/store.csv
2022-09-07 19:57:33,080 : INFO : logger : file read as csv from ../data/store.csv
2022-09-07 19:57:33,080 : INFO : logger : file read as csv from ../data/store.csv
2022-09-07 19:57:33,080 : INFO : logger : file read as csv from ../data/store.csv
2022-09-07 19:57:33,178 : INFO : logger : file read as csv from ../data/test.csv
2022-09-07 19:57:33,178 : INFO : logger : file read as csv from ../data/test.csv
2022-09-07 19:57:33,178 : INFO : logger : file read as csv from ../data/test.csv
2022-09-07 19:57:33,178 : INFO : logger : file read as csv from ../data/test.csv
2022-09-07 19:57:35,602 : INFO : logger : Converting column to Datetime
2022-09-07 19:57:35,602 : INFO : logger : Converting column to Datetime
2022-09-07 19:57:35,602 : INFO : logger : Converting column to Datetime
2022-09-07 19:57:35,602 : INFO : logger : Converting column to Datetime
2022-09-07 19:57:35,791 : INFO : logger : Converting column to Datetime
2022-09-07 19:57:35,791 : INFO : logger : Converting column to Datetime
2022-09-07 19:57:35,791 : INFO : logger : Converting column to Datetime
2022-09-07 19:57:35,791 : INFO : logger : Converting column to Datetime
2022-09-07 19:57:35,864 : INFO : logger : Extracting Fields from Date Column
2022-09-07 19:57:35,864 : INFO : logger : Extracting Fields from Date Column
2022-09-07 19:57:35,864 : INFO : logger : Extracting Fields from Date Column
2022-09-07 19:57:35,864 : INFO : logger : Extracting Fields from Date Column
2022-09-07 19:57:41,877 : INFO : logger : Extracting Fields from Date Column
2022-09-07 19:57:41,877 : INFO : logger : Extracting Fields from Date Column
2022-09-07 19:57:41,877 : INFO : logger : Extracting Fields from Date Column
2022-09-07 19:57:41,877 : INFO : logger : Extracting Fields from Date Column
2022-09-07 19:57:45,229 : INFO : logger : Getting Missing Data Percentage
2022-09-07 19:57:45,229 : INFO : logger : Getting Missing Data Percentage
2022-09-07 19:57:45,229 : INFO : logger : Getting Missing Data Percentage
2022-09-07 19:57:45,229 : INFO : logger : Getting Missing Data Percentage
2022-09-07 19:57:47,273 : INFO : logger : Getting Missing Data Percentage
2022-09-07 19:57:47,273 : INFO : logger : Getting Missing Data Percentage
2022-09-07 19:57:47,273 : INFO : logger : Getting Missing Data Percentage
2022-09-07 19:57:47,273 : INFO : logger : Getting Missing Data Percentage
2022-09-07 19:57:50,451 : INFO : logger : Filling Missing Data with Median
2022-09-07 19:57:50,451 : INFO : logger : Filling Missing Data with Median
2022-09-07 19:57:50,451 : INFO : logger : Filling Missing Data with Median
2022-09-07 19:57:50,451 : INFO : logger : Filling Missing Data with Median
2022-09-07 19:57:50,723 : INFO : logger : Filling Missing Data with Median
2022-09-07 19:57:50,723 : INFO : logger : Filling Missing Data with Median
2022-09-07 19:57:50,723 : INFO : logger : Filling Missing Data with Median
2022-09-07 19:57:50,723 : INFO : logger : Filling Missing Data with Median
2022-09-07 19:57:50,786 : INFO : logger : Filling Missing Data with Mode
2022-09-07 19:57:50,786 : INFO : logger : Filling Missing Data with Mode
2022-09-07 19:57:50,786 : INFO : logger : Filling Missing Data with Mode
2022-09-07 19:57:50,786 : INFO : logger : Filling Missing Data with Mode
2022-09-07 19:57:51,158 : INFO : logger : Filling Missing Data with Mode
2022-09-07 19:57:51,158 : INFO : logger : Filling Missing Data with Mode
2022-09-07 19:57:51,158 : INFO : logger : Filling Missing Data with Mode
2022-09-07 19:57:51,158 : INFO : logger : Filling Missing Data with Mode
2022-09-07 19:57:51,217 : INFO : logger : Filling Missing Data with Zero
2022-09-07 19:57:51,217 : INFO : logger : Filling Missing Data with Zero
2022-09-07 19:57:51,217 : INFO : logger : Filling Missing Data with Zero
2022-09-07 19:57:51,217 : INFO : logger : Filling Missing Data with Zero
2022-09-07 19:57:51,399 : INFO : logger : Getting Missing Data Percentage
2022-09-07 19:57:51,399 : INFO : logger : Getting Missing Data Percentage
2022-09-07 19:57:51,399 : INFO : logger : Getting Missing Data Percentage
2022-09-07 19:57:51,399 : INFO : logger : Getting Missing Data Percentage
2022-09-07 19:57:53,604 : INFO : logger : Getting Missing Data Percentage
2022-09-07 19:57:53,604 : INFO : logger : Getting Missing Data Percentage
2022-09-07 19:57:53,604 : INFO : logger : Getting Missing Data Percentage
2022-09-07 19:57:53,604 : INFO : logger : Getting Missing Data Percentage
2022-09-07 19:58:30,736 : INFO : logger : File Successfully Saved to ../data/joined_train.csv
2022-09-07 19:58:30,736 : INFO : logger : File Successfully Saved to ../data/joined_train.csv
2022-09-07 19:58:30,736 : INFO : logger : File Successfully Saved to ../data/joined_train.csv
2022-09-07 19:58:30,736 : INFO : logger : File Successfully Saved to ../data/joined_train.csv
2022-09-07 19:58:31,873 : INFO : logger : File Successfully Saved to ../data/joined_test.csv
2022-09-07 19:58:31,873 : INFO : logger : File Successfully Saved to ../data/joined_test.csv
2022-09-07 19:58:31,873 : INFO : logger : File Successfully Saved to ../data/joined_test.csv
2022-09-07 19:58:31,873 : INFO : logger : File Successfully Saved to ../data/joined_test.csv
2022-09-07 20:35:14,576 : INFO : logger : file read as csv from ../data/train.csv
2022-09-07 20:35:14,576 : INFO : logger : file read as csv from ../data/train.csv
2022-09-07 20:35:14,619 : INFO : logger : file read as csv from ../data/store.csv
2022-09-07 20:35:14,619 : INFO : logger : file read as csv from ../data/store.csv
2022-09-07 20:35:14,684 : INFO : logger : file read as csv from ../data/test.csv
2022-09-07 20:35:14,684 : INFO : logger : file read as csv from ../data/test.csv
2022-09-07 20:35:17,869 : INFO : logger : Converting column to Datetime
2022-09-07 20:35:17,869 : INFO : logger : Converting column to Datetime
2022-09-07 20:35:18,070 : INFO : logger : Converting column to Datetime
2022-09-07 20:35:18,070 : INFO : logger : Converting column to Datetime
2022-09-07 20:35:18,148 : INFO : logger : Extracting Fields from Date Column
2022-09-07 20:35:18,148 : INFO : logger : Extracting Fields from Date Column
2022-09-07 20:35:23,665 : INFO : logger : Extracting Fields from Date Column
2022-09-07 20:35:23,665 : INFO : logger : Extracting Fields from Date Column
2022-09-07 20:35:27,059 : INFO : logger : Getting Missing Data Percentage
2022-09-07 20:35:27,059 : INFO : logger : Getting Missing Data Percentage
2022-09-07 20:35:29,051 : INFO : logger : Getting Missing Data Percentage
2022-09-07 20:35:29,051 : INFO : logger : Getting Missing Data Percentage
2022-09-07 20:35:30,065 : INFO : logger : Filling Missing Data with Median
2022-09-07 20:35:30,065 : INFO : logger : Filling Missing Data with Median
2022-09-07 20:35:30,232 : INFO : logger : Filling Missing Data with Median
2022-09-07 20:35:30,232 : INFO : logger : Filling Missing Data with Median
2022-09-07 20:35:30,294 : INFO : logger : Filling Missing Data with Mode
2022-09-07 20:35:30,294 : INFO : logger : Filling Missing Data with Mode
2022-09-07 20:35:30,507 : INFO : logger : Filling Missing Data with Mode
2022-09-07 20:35:30,507 : INFO : logger : Filling Missing Data with Mode
2022-09-07 20:35:30,676 : INFO : logger : Filling Missing Data with Zero
2022-09-07 20:35:30,676 : INFO : logger : Filling Missing Data with Zero
2022-09-07 20:35:30,871 : INFO : logger : Getting Missing Data Percentage
2022-09-07 20:35:30,871 : INFO : logger : Getting Missing Data Percentage
2022-09-07 20:35:32,811 : INFO : logger : Getting Missing Data Percentage
2022-09-07 20:35:32,811 : INFO : logger : Getting Missing Data Percentage
2022-09-07 20:36:06,865 : INFO : logger : File Successfully Saved to ../data/joined_train.csv
2022-09-07 20:36:06,865 : INFO : logger : File Successfully Saved to ../data/joined_train.csv
2022-09-07 20:36:08,362 : INFO : logger : File Successfully Saved to ../data/joined_test.csv
2022-09-07 20:36:08,362 : INFO : logger : File Successfully Saved to ../data/joined_test.csv
2022-09-07 21:01:28,354 : INFO : logger : file read as csv from ../data/train.csv
2022-09-07 21:01:28,354 : INFO : logger : file read as csv from ../data/train.csv
2022-09-07 21:01:28,376 : INFO : logger : file read as csv from ../data/store.csv
2022-09-07 21:01:28,376 : INFO : logger : file read as csv from ../data/store.csv
2022-09-07 21:01:28,426 : INFO : logger : file read as csv from ../data/test.csv
2022-09-07 21:01:28,426 : INFO : logger : file read as csv from ../data/test.csv
2022-09-07 21:01:30,383 : INFO : logger : Converting column to Datetime
2022-09-07 21:01:30,383 : INFO : logger : Converting column to Datetime
2022-09-07 21:01:30,527 : INFO : logger : Converting column to Datetime
2022-09-07 21:01:30,527 : INFO : logger : Converting column to Datetime
2022-09-07 21:01:30,567 : INFO : logger : Extracting Fields from Date Column
2022-09-07 21:01:30,567 : INFO : logger : Extracting Fields from Date Column
2022-09-07 21:01:36,123 : INFO : logger : Extracting Fields from Date Column
2022-09-07 21:01:36,123 : INFO : logger : Extracting Fields from Date Column
2022-09-07 21:01:38,965 : INFO : logger : Getting Missing Data Percentage
2022-09-07 21:01:38,965 : INFO : logger : Getting Missing Data Percentage
2022-09-07 21:01:40,933 : INFO : logger : Getting Missing Data Percentage
2022-09-07 21:01:40,933 : INFO : logger : Getting Missing Data Percentage
2022-09-07 21:01:41,626 : INFO : logger : Filling Missing Data with Median
2022-09-07 21:01:41,626 : INFO : logger : Filling Missing Data with Median
2022-09-07 21:01:41,831 : INFO : logger : Filling Missing Data with Median
2022-09-07 21:01:41,831 : INFO : logger : Filling Missing Data with Median
2022-09-07 21:01:41,884 : INFO : logger : Filling Missing Data with Mode
2022-09-07 21:01:41,884 : INFO : logger : Filling Missing Data with Mode
2022-09-07 21:01:42,098 : INFO : logger : Filling Missing Data with Mode
2022-09-07 21:01:42,098 : INFO : logger : Filling Missing Data with Mode
2022-09-07 21:01:42,163 : INFO : logger : Filling Missing Data with Zero
2022-09-07 21:01:42,163 : INFO : logger : Filling Missing Data with Zero
2022-09-07 21:01:42,324 : INFO : logger : Getting Missing Data Percentage
2022-09-07 21:01:42,324 : INFO : logger : Getting Missing Data Percentage
2022-09-07 21:01:44,346 : INFO : logger : Getting Missing Data Percentage
2022-09-07 21:01:44,346 : INFO : logger : Getting Missing Data Percentage
2022-09-07 21:02:14,221 : INFO : logger : File Successfully Saved to ../data/joined_train.csv
2022-09-07 21:02:14,221 : INFO : logger : File Successfully Saved to ../data/joined_train.csv
2022-09-07 21:02:15,244 : INFO : logger : File Successfully Saved to ../data/joined_test.csv
2022-09-07 21:02:15,244 : INFO : logger : File Successfully Saved to ../data/joined_test.csv
